mode: set
/Users/maxim/Movies/!_Course/Go/Разработка-веб-сервисов-на-Golang/2 week SQL и NoSQL/Домашнее задание №2/hw6_db_explorer/db_explorer.go:11.58,18.16 3 1
/Users/maxim/Movies/!_Course/Go/Разработка-веб-сервисов-на-Golang/2 week SQL и NoSQL/Домашнее задание №2/hw6_db_explorer/db_explorer.go:22.2,34.20 9 1
/Users/maxim/Movies/!_Course/Go/Разработка-веб-сервисов-на-Golang/2 week SQL и NoSQL/Домашнее задание №2/hw6_db_explorer/db_explorer.go:18.16,19.13 1 0
/Users/maxim/Movies/!_Course/Go/Разработка-веб-сервисов-на-Golang/2 week SQL и NoSQL/Домашнее задание №2/hw6_db_explorer/main.go:23.13,26.16 3 0
/Users/maxim/Movies/!_Course/Go/Разработка-веб-сервисов-на-Golang/2 week SQL и NoSQL/Домашнее задание №2/hw6_db_explorer/main.go:30.2,32.16 2 0
/Users/maxim/Movies/!_Course/Go/Разработка-веб-сервисов-на-Golang/2 week SQL и NoSQL/Домашнее задание №2/hw6_db_explorer/main.go:36.2,37.39 2 0
/Users/maxim/Movies/!_Course/Go/Разработка-веб-сервисов-на-Golang/2 week SQL и NoSQL/Домашнее задание №2/hw6_db_explorer/main.go:26.16,27.13 1 0
/Users/maxim/Movies/!_Course/Go/Разработка-веб-сервисов-на-Golang/2 week SQL и NoSQL/Домашнее задание №2/hw6_db_explorer/main.go:32.16,33.13 1 0
/Users/maxim/Movies/!_Course/Go/Разработка-веб-сервисов-на-Golang/2 week SQL и NoSQL/Домашнее задание №2/hw6_db_explorer/router.go:18.26,27.2 6 1
/Users/maxim/Movies/!_Course/Go/Разработка-веб-сервисов-на-Golang/2 week SQL и NoSQL/Домашнее задание №2/hw6_db_explorer/router.go:29.84,31.16 2 1
/Users/maxim/Movies/!_Course/Go/Разработка-веб-сервисов-на-Golang/2 week SQL и NoSQL/Домашнее задание №2/hw6_db_explorer/router.go:43.2,43.12 1 1
/Users/maxim/Movies/!_Course/Go/Разработка-веб-сервисов-на-Golang/2 week SQL и NoSQL/Домашнее задание №2/hw6_db_explorer/router.go:32.13,33.63 1 1
/Users/maxim/Movies/!_Course/Go/Разработка-веб-сервисов-на-Golang/2 week SQL и NoSQL/Домашнее задание №2/hw6_db_explorer/router.go:34.13,35.63 1 1
/Users/maxim/Movies/!_Course/Go/Разработка-веб-сервисов-на-Golang/2 week SQL и NoSQL/Домашнее задание №2/hw6_db_explorer/router.go:36.14,37.65 1 1
/Users/maxim/Movies/!_Course/Go/Разработка-веб-сервисов-на-Golang/2 week SQL и NoSQL/Домашнее задание №2/hw6_db_explorer/router.go:38.16,39.69 1 1
/Users/maxim/Movies/!_Course/Go/Разработка-веб-сервисов-на-Golang/2 week SQL и NoSQL/Домашнее задание №2/hw6_db_explorer/router.go:40.10,41.54 1 0
/Users/maxim/Movies/!_Course/Go/Разработка-веб-сервисов-на-Golang/2 week SQL и NoSQL/Домашнее задание №2/hw6_db_explorer/router.go:46.47,48.17 1 1
/Users/maxim/Movies/!_Course/Go/Разработка-веб-сервисов-на-Golang/2 week SQL и NoSQL/Домашнее задание №2/hw6_db_explorer/router.go:64.2,64.14 1 1
/Users/maxim/Movies/!_Course/Go/Разработка-веб-сервисов-на-Golang/2 week SQL и NoSQL/Домашнее задание №2/hw6_db_explorer/router.go:49.9,50.33 1 1
/Users/maxim/Movies/!_Course/Go/Разработка-веб-сервисов-на-Golang/2 week SQL и NoSQL/Домашнее задание №2/hw6_db_explorer/router.go:54.3,54.49 1 1
/Users/maxim/Movies/!_Course/Go/Разработка-веб-сервисов-на-Golang/2 week SQL и NoSQL/Домашнее задание №2/hw6_db_explorer/router.go:58.10,59.25 1 1
/Users/maxim/Movies/!_Course/Go/Разработка-веб-сервисов-на-Golang/2 week SQL и NoSQL/Домашнее задание №2/hw6_db_explorer/router.go:50.33,53.4 1 1
/Users/maxim/Movies/!_Course/Go/Разработка-веб-сервисов-на-Golang/2 week SQL и NoSQL/Домашнее задание №2/hw6_db_explorer/router.go:54.49,57.4 1 1
/Users/maxim/Movies/!_Course/Go/Разработка-веб-сервисов-на-Golang/2 week SQL и NoSQL/Домашнее задание №2/hw6_db_explorer/router.go:59.25,62.4 1 1
/Users/maxim/Movies/!_Course/Go/Разработка-веб-сервисов-на-Golang/2 week SQL и NoSQL/Домашнее задание №2/hw6_db_explorer/router.go:67.69,71.44 2 1
/Users/maxim/Movies/!_Course/Go/Разработка-веб-сервисов-на-Golang/2 week SQL и NoSQL/Домашнее задание №2/hw6_db_explorer/router.go:71.44,77.32 2 1
/Users/maxim/Movies/!_Course/Go/Разработка-веб-сервисов-на-Golang/2 week SQL и NoSQL/Домашнее задание №2/hw6_db_explorer/router.go:77.32,80.4 2 1
/Users/maxim/Movies/!_Course/Go/Разработка-веб-сервисов-на-Golang/2 week SQL и NoSQL/Домашнее задание №2/hw6_db_explorer/api.go:15.102,16.11 1 1
/Users/maxim/Movies/!_Course/Go/Разработка-веб-сервисов-на-Golang/2 week SQL и NoSQL/Домашнее задание №2/hw6_db_explorer/api.go:20.2,22.84 2 1
/Users/maxim/Movies/!_Course/Go/Разработка-веб-сервисов-на-Golang/2 week SQL и NoSQL/Домашнее задание №2/hw6_db_explorer/api.go:33.2,33.16 1 1
/Users/maxim/Movies/!_Course/Go/Разработка-веб-сервисов-на-Golang/2 week SQL и NoSQL/Домашнее задание №2/hw6_db_explorer/api.go:38.2,38.14 1 1
/Users/maxim/Movies/!_Course/Go/Разработка-веб-сервисов-на-Golang/2 week SQL и NoSQL/Домашнее задание №2/hw6_db_explorer/api.go:16.11,18.3 1 1
/Users/maxim/Movies/!_Course/Go/Разработка-веб-сервисов-на-Golang/2 week SQL и NoSQL/Домашнее задание №2/hw6_db_explorer/api.go:22.84,31.3 7 1
/Users/maxim/Movies/!_Course/Go/Разработка-веб-сервисов-на-Golang/2 week SQL и NoSQL/Домашнее задание №2/hw6_db_explorer/api.go:33.16,36.3 2 0
/Users/maxim/Movies/!_Course/Go/Разработка-веб-сервисов-на-Golang/2 week SQL и NoSQL/Домашнее задание №2/hw6_db_explorer/api.go:45.78,46.11 1 1
/Users/maxim/Movies/!_Course/Go/Разработка-веб-сервисов-на-Golang/2 week SQL и NoSQL/Домашнее задание №2/hw6_db_explorer/api.go:50.2,51.16 2 1
/Users/maxim/Movies/!_Course/Go/Разработка-веб-сервисов-на-Golang/2 week SQL и NoSQL/Домашнее задание №2/hw6_db_explorer/api.go:55.2,58.27 4 1
/Users/maxim/Movies/!_Course/Go/Разработка-веб-сервисов-на-Golang/2 week SQL и NoSQL/Домашнее задание №2/hw6_db_explorer/api.go:63.2,64.16 2 1
/Users/maxim/Movies/!_Course/Go/Разработка-веб-сервисов-на-Golang/2 week SQL и NoSQL/Домашнее задание №2/hw6_db_explorer/api.go:67.2,69.21 3 1
/Users/maxim/Movies/!_Course/Go/Разработка-веб-сервисов-на-Golang/2 week SQL и NoSQL/Домашнее задание №2/hw6_db_explorer/api.go:46.11,48.3 1 1
/Users/maxim/Movies/!_Course/Go/Разработка-веб-сервисов-на-Golang/2 week SQL и NoSQL/Домашнее задание №2/hw6_db_explorer/api.go:51.16,53.3 1 0
/Users/maxim/Movies/!_Course/Go/Разработка-веб-сервисов-на-Golang/2 week SQL и NoSQL/Домашнее задание №2/hw6_db_explorer/api.go:58.27,60.3 1 1
/Users/maxim/Movies/!_Course/Go/Разработка-веб-сервисов-на-Golang/2 week SQL и NoSQL/Домашнее задание №2/hw6_db_explorer/api.go:64.16,65.13 1 0
/Users/maxim/Movies/!_Course/Go/Разработка-веб-сервисов-на-Golang/2 week SQL и NoSQL/Домашнее задание №2/hw6_db_explorer/api.go:73.73,74.11 1 1
/Users/maxim/Movies/!_Course/Go/Разработка-веб-сервисов-на-Golang/2 week SQL и NoSQL/Домашнее задание №2/hw6_db_explorer/api.go:79.2,81.16 3 1
/Users/maxim/Movies/!_Course/Go/Разработка-веб-сервисов-на-Golang/2 week SQL и NoSQL/Домашнее задание №2/hw6_db_explorer/api.go:84.2,85.16 2 1
/Users/maxim/Movies/!_Course/Go/Разработка-веб-сервисов-на-Golang/2 week SQL и NoSQL/Домашнее задание №2/hw6_db_explorer/api.go:90.2,91.18 2 1
/Users/maxim/Movies/!_Course/Go/Разработка-веб-сервисов-на-Golang/2 week SQL и NoSQL/Домашнее задание №2/hw6_db_explorer/api.go:96.2,97.16 2 1
/Users/maxim/Movies/!_Course/Go/Разработка-веб-сервисов-на-Golang/2 week SQL и NoSQL/Домашнее задание №2/hw6_db_explorer/api.go:102.2,105.27 4 1
/Users/maxim/Movies/!_Course/Go/Разработка-веб-сервисов-на-Golang/2 week SQL и NoSQL/Домашнее задание №2/hw6_db_explorer/api.go:124.2,125.16 2 1
/Users/maxim/Movies/!_Course/Go/Разработка-веб-сервисов-на-Golang/2 week SQL и NoSQL/Домашнее задание №2/hw6_db_explorer/api.go:130.2,132.21 3 1
/Users/maxim/Movies/!_Course/Go/Разработка-веб-сервисов-на-Golang/2 week SQL и NoSQL/Домашнее задание №2/hw6_db_explorer/api.go:74.11,76.3 1 1
/Users/maxim/Movies/!_Course/Go/Разработка-веб-сервисов-на-Golang/2 week SQL и NoSQL/Домашнее задание №2/hw6_db_explorer/api.go:81.16,83.3 1 1
/Users/maxim/Movies/!_Course/Go/Разработка-веб-сервисов-на-Golang/2 week SQL и NoSQL/Домашнее задание №2/hw6_db_explorer/api.go:85.16,87.3 1 1
/Users/maxim/Movies/!_Course/Go/Разработка-веб-сервисов-на-Golang/2 week SQL и NoSQL/Домашнее задание №2/hw6_db_explorer/api.go:91.18,93.3 1 1
/Users/maxim/Movies/!_Course/Go/Разработка-веб-сервисов-на-Golang/2 week SQL и NoSQL/Домашнее задание №2/hw6_db_explorer/api.go:97.16,99.3 1 0
/Users/maxim/Movies/!_Course/Go/Разработка-веб-сервисов-на-Golang/2 week SQL и NoSQL/Домашнее задание №2/hw6_db_explorer/api.go:105.27,107.31 2 1
/Users/maxim/Movies/!_Course/Go/Разработка-веб-сервисов-на-Golang/2 week SQL и NoSQL/Домашнее задание №2/hw6_db_explorer/api.go:120.3,120.77 1 1
/Users/maxim/Movies/!_Course/Go/Разработка-веб-сервисов-на-Golang/2 week SQL и NoSQL/Домашнее задание №2/hw6_db_explorer/api.go:107.31,108.22 1 1
/Users/maxim/Movies/!_Course/Go/Разработка-веб-сервисов-на-Golang/2 week SQL и NoSQL/Домашнее задание №2/hw6_db_explorer/api.go:109.15,110.39 1 1
/Users/maxim/Movies/!_Course/Go/Разработка-веб-сервисов-на-Golang/2 week SQL и NoSQL/Домашнее задание №2/hw6_db_explorer/api.go:111.18,112.20 1 1
/Users/maxim/Movies/!_Course/Go/Разработка-веб-сервисов-на-Golang/2 week SQL и NoSQL/Домашнее задание №2/hw6_db_explorer/api.go:113.14,114.34 1 1
/Users/maxim/Movies/!_Course/Go/Разработка-веб-сервисов-на-Golang/2 week SQL и NoSQL/Домашнее задание №2/hw6_db_explorer/api.go:115.13,116.43 1 1
/Users/maxim/Movies/!_Course/Go/Разработка-веб-сервисов-на-Golang/2 week SQL и NoSQL/Домашнее задание №2/hw6_db_explorer/api.go:125.16,126.13 1 0
/Users/maxim/Movies/!_Course/Go/Разработка-веб-сервисов-на-Golang/2 week SQL и NoSQL/Домашнее задание №2/hw6_db_explorer/api.go:135.76,136.11 1 1
/Users/maxim/Movies/!_Course/Go/Разработка-веб-сервисов-на-Golang/2 week SQL и NoSQL/Домашнее задание №2/hw6_db_explorer/api.go:141.2,143.16 3 1
/Users/maxim/Movies/!_Course/Go/Разработка-веб-сервисов-на-Golang/2 week SQL и NoSQL/Домашнее задание №2/hw6_db_explorer/api.go:149.2,150.18 2 1
/Users/maxim/Movies/!_Course/Go/Разработка-веб-сервисов-на-Golang/2 week SQL и NoSQL/Домашнее задание №2/hw6_db_explorer/api.go:154.2,156.76 2 1
/Users/maxim/Movies/!_Course/Go/Разработка-веб-сервисов-на-Golang/2 week SQL и NoSQL/Домашнее задание №2/hw6_db_explorer/api.go:167.2,167.16 1 1
/Users/maxim/Movies/!_Course/Go/Разработка-веб-сервисов-на-Golang/2 week SQL и NoSQL/Домашнее задание №2/hw6_db_explorer/api.go:173.2,176.30 4 1
/Users/maxim/Movies/!_Course/Go/Разработка-веб-сервисов-на-Golang/2 week SQL и NoSQL/Домашнее задание №2/hw6_db_explorer/api.go:191.2,192.16 2 1
/Users/maxim/Movies/!_Course/Go/Разработка-веб-сервисов-на-Golang/2 week SQL и NoSQL/Домашнее задание №2/hw6_db_explorer/api.go:197.2,199.21 3 1
/Users/maxim/Movies/!_Course/Go/Разработка-веб-сервисов-на-Golang/2 week SQL и NoSQL/Домашнее задание №2/hw6_db_explorer/api.go:136.11,138.3 1 1
/Users/maxim/Movies/!_Course/Go/Разработка-веб-сервисов-на-Golang/2 week SQL и NoSQL/Домашнее задание №2/hw6_db_explorer/api.go:143.16,146.3 2 0
/Users/maxim/Movies/!_Course/Go/Разработка-веб-сервисов-на-Golang/2 week SQL и NoSQL/Домашнее задание №2/hw6_db_explorer/api.go:150.18,152.3 1 0
/Users/maxim/Movies/!_Course/Go/Разработка-веб-сервисов-на-Golang/2 week SQL и NoSQL/Домашнее задание №2/hw6_db_explorer/api.go:156.76,165.3 7 1
/Users/maxim/Movies/!_Course/Go/Разработка-веб-сервисов-на-Golang/2 week SQL и NoSQL/Домашнее задание №2/hw6_db_explorer/api.go:167.16,170.3 2 0
/Users/maxim/Movies/!_Course/Go/Разработка-веб-сервисов-на-Golang/2 week SQL и NoSQL/Домашнее задание №2/hw6_db_explorer/api.go:176.30,177.21 1 1
/Users/maxim/Movies/!_Course/Go/Разработка-веб-сервисов-на-Golang/2 week SQL и NoSQL/Домашнее задание №2/hw6_db_explorer/api.go:178.14,179.57 1 1
/Users/maxim/Movies/!_Course/Go/Разработка-веб-сервисов-на-Golang/2 week SQL и NoSQL/Домашнее задание №2/hw6_db_explorer/api.go:180.17,181.19 1 1
/Users/maxim/Movies/!_Course/Go/Разработка-веб-сервисов-на-Golang/2 week SQL и NoSQL/Домашнее задание №2/hw6_db_explorer/api.go:182.13,183.52 1 1
/Users/maxim/Movies/!_Course/Go/Разработка-веб-сервисов-на-Golang/2 week SQL и NoSQL/Домашнее задание №2/hw6_db_explorer/api.go:184.12,185.61 1 1
/Users/maxim/Movies/!_Course/Go/Разработка-веб-сервисов-на-Golang/2 week SQL и NoSQL/Домашнее задание №2/hw6_db_explorer/api.go:192.16,193.13 1 0
/Users/maxim/Movies/!_Course/Go/Разработка-веб-сервисов-на-Golang/2 week SQL и NoSQL/Домашнее задание №2/hw6_db_explorer/api.go:202.72,203.11 1 1
/Users/maxim/Movies/!_Course/Go/Разработка-веб-сервисов-на-Golang/2 week SQL и NoSQL/Домашнее задание №2/hw6_db_explorer/api.go:207.2,211.18 3 1
/Users/maxim/Movies/!_Course/Go/Разработка-веб-сервисов-на-Golang/2 week SQL и NoSQL/Домашнее задание №2/hw6_db_explorer/api.go:215.2,224.36 7 1
/Users/maxim/Movies/!_Course/Go/Разработка-веб-сервисов-на-Golang/2 week SQL и NoSQL/Домашнее задание №2/hw6_db_explorer/api.go:248.2,249.16 2 1
/Users/maxim/Movies/!_Course/Go/Разработка-веб-сервисов-на-Golang/2 week SQL и NoSQL/Домашнее задание №2/hw6_db_explorer/api.go:253.2,260.19 7 1
/Users/maxim/Movies/!_Course/Go/Разработка-веб-сервисов-на-Golang/2 week SQL и NoSQL/Домашнее задание №2/hw6_db_explorer/api.go:203.11,205.3 1 1
/Users/maxim/Movies/!_Course/Go/Разработка-веб-сервисов-на-Golang/2 week SQL и NoSQL/Домашнее задание №2/hw6_db_explorer/api.go:211.18,213.3 1 0
/Users/maxim/Movies/!_Course/Go/Разработка-веб-сервисов-на-Golang/2 week SQL и NoSQL/Домашнее задание №2/hw6_db_explorer/api.go:224.36,225.14 1 1
/Users/maxim/Movies/!_Course/Go/Разработка-веб-сервисов-на-Golang/2 week SQL и NoSQL/Домашнее задание №2/hw6_db_explorer/api.go:225.14,227.10 2 1
/Users/maxim/Movies/!_Course/Go/Разработка-веб-сервисов-на-Golang/2 week SQL и NoSQL/Домашнее задание №2/hw6_db_explorer/api.go:230.4,230.23 1 1
/Users/maxim/Movies/!_Course/Go/Разработка-веб-сервисов-на-Golang/2 week SQL и NoSQL/Домашнее задание №2/hw6_db_explorer/api.go:234.4,234.24 1 1
/Users/maxim/Movies/!_Course/Go/Разработка-веб-сервисов-на-Golang/2 week SQL и NoSQL/Домашнее задание №2/hw6_db_explorer/api.go:227.10,229.5 1 1
/Users/maxim/Movies/!_Course/Go/Разработка-веб-сервисов-на-Golang/2 week SQL и NoSQL/Домашнее задание №2/hw6_db_explorer/api.go:230.23,232.5 1 1
/Users/maxim/Movies/!_Course/Go/Разработка-веб-сервисов-на-Golang/2 week SQL и NoSQL/Домашнее задание №2/hw6_db_explorer/api.go:234.24,235.24 1 1
/Users/maxim/Movies/!_Course/Go/Разработка-веб-сервисов-на-Golang/2 week SQL и NoSQL/Домашнее задание №2/hw6_db_explorer/api.go:236.17,237.17 1 1
/Users/maxim/Movies/!_Course/Go/Разработка-веб-сервисов-на-Golang/2 week SQL и NoSQL/Домашнее задание №2/hw6_db_explorer/api.go:238.25,239.30 1 1
/Users/maxim/Movies/!_Course/Go/Разработка-веб-сервисов-на-Golang/2 week SQL и NoSQL/Домашнее задание №2/hw6_db_explorer/api.go:240.16,241.29 1 0
/Users/maxim/Movies/!_Course/Go/Разработка-веб-сервисов-на-Golang/2 week SQL и NoSQL/Домашнее задание №2/hw6_db_explorer/api.go:249.16,250.13 1 0
/Users/maxim/Movies/!_Course/Go/Разработка-веб-сервисов-на-Golang/2 week SQL и NoSQL/Домашнее задание №2/hw6_db_explorer/api.go:264.75,265.11 1 1
/Users/maxim/Movies/!_Course/Go/Разработка-веб-сервисов-на-Golang/2 week SQL и NoSQL/Домашнее задание №2/hw6_db_explorer/api.go:270.2,272.16 3 1
/Users/maxim/Movies/!_Course/Go/Разработка-веб-сервисов-на-Golang/2 week SQL и NoSQL/Домашнее задание №2/hw6_db_explorer/api.go:278.2,279.18 2 1
/Users/maxim/Movies/!_Course/Go/Разработка-веб-сервисов-на-Golang/2 week SQL и NoSQL/Домашнее задание №2/hw6_db_explorer/api.go:283.2,292.36 7 1
/Users/maxim/Movies/!_Course/Go/Разработка-веб-сервисов-на-Golang/2 week SQL и NoSQL/Домашнее задание №2/hw6_db_explorer/api.go:344.2,345.16 2 1
/Users/maxim/Movies/!_Course/Go/Разработка-веб-сервисов-на-Golang/2 week SQL и NoSQL/Домашнее задание №2/hw6_db_explorer/api.go:349.2,356.19 7 1
/Users/maxim/Movies/!_Course/Go/Разработка-веб-сервисов-на-Golang/2 week SQL и NoSQL/Домашнее задание №2/hw6_db_explorer/api.go:265.11,267.3 1 1
/Users/maxim/Movies/!_Course/Go/Разработка-веб-сервисов-на-Golang/2 week SQL и NoSQL/Домашнее задание №2/hw6_db_explorer/api.go:272.16,275.3 2 0
/Users/maxim/Movies/!_Course/Go/Разработка-веб-сервисов-на-Golang/2 week SQL и NoSQL/Домашнее задание №2/hw6_db_explorer/api.go:279.18,281.3 1 0
/Users/maxim/Movies/!_Course/Go/Разработка-веб-сервисов-на-Golang/2 week SQL и NoSQL/Домашнее задание №2/hw6_db_explorer/api.go:292.36,294.32 2 1
/Users/maxim/Movies/!_Course/Go/Разработка-веб-сервисов-на-Golang/2 week SQL и NoSQL/Домашнее задание №2/hw6_db_explorer/api.go:317.3,317.44 1 1
/Users/maxim/Movies/!_Course/Go/Разработка-веб-сервисов-на-Golang/2 week SQL и NoSQL/Домашнее задание №2/hw6_db_explorer/api.go:321.3,321.45 1 1
/Users/maxim/Movies/!_Course/Go/Разработка-веб-сервисов-на-Golang/2 week SQL и NoSQL/Домашнее задание №2/hw6_db_explorer/api.go:332.3,332.19 1 1
/Users/maxim/Movies/!_Course/Go/Разработка-веб-сервисов-на-Golang/2 week SQL и NoSQL/Домашнее задание №2/hw6_db_explorer/api.go:294.32,297.69 2 1
/Users/maxim/Movies/!_Course/Go/Разработка-веб-сервисов-на-Golang/2 week SQL и NoSQL/Домашнее задание №2/hw6_db_explorer/api.go:300.4,300.104 1 1
/Users/maxim/Movies/!_Course/Go/Разработка-веб-сервисов-на-Golang/2 week SQL и NoSQL/Домашнее задание №2/hw6_db_explorer/api.go:304.4,304.17 1 1
/Users/maxim/Movies/!_Course/Go/Разработка-веб-сервисов-на-Golang/2 week SQL и NoSQL/Домашнее задание №2/hw6_db_explorer/api.go:297.69,299.5 1 0
/Users/maxim/Movies/!_Course/Go/Разработка-веб-сервисов-на-Golang/2 week SQL и NoSQL/Домашнее задание №2/hw6_db_explorer/api.go:300.104,302.5 1 1
/Users/maxim/Movies/!_Course/Go/Разработка-веб-сервисов-на-Golang/2 week SQL и NoSQL/Домашнее задание №2/hw6_db_explorer/api.go:304.17,306.5 1 1
/Users/maxim/Movies/!_Course/Go/Разработка-веб-сервисов-на-Golang/2 week SQL и NoSQL/Домашнее задание №2/hw6_db_explorer/api.go:306.10,315.5 7 1
/Users/maxim/Movies/!_Course/Go/Разработка-веб-сервисов-на-Golang/2 week SQL и NoSQL/Домашнее задание №2/hw6_db_explorer/api.go:317.44,319.4 1 1
/Users/maxim/Movies/!_Course/Go/Разработка-веб-сервисов-на-Golang/2 week SQL и NoSQL/Домашнее задание №2/hw6_db_explorer/api.go:321.45,330.4 7 1
/Users/maxim/Movies/!_Course/Go/Разработка-веб-сервисов-на-Golang/2 week SQL и NoSQL/Домашнее задание №2/hw6_db_explorer/api.go:332.19,341.4 7 1
/Users/maxim/Movies/!_Course/Go/Разработка-веб-сервисов-на-Golang/2 week SQL и NoSQL/Домашнее задание №2/hw6_db_explorer/api.go:345.16,346.13 1 0
/Users/maxim/Movies/!_Course/Go/Разработка-веб-сервисов-на-Golang/2 week SQL и NoSQL/Домашнее задание №2/hw6_db_explorer/api.go:360.75,361.11 1 1
/Users/maxim/Movies/!_Course/Go/Разработка-веб-сервисов-на-Golang/2 week SQL и NoSQL/Домашнее задание №2/hw6_db_explorer/api.go:366.2,368.16 3 1
/Users/maxim/Movies/!_Course/Go/Разработка-веб-сервисов-на-Golang/2 week SQL и NoSQL/Домашнее задание №2/hw6_db_explorer/api.go:374.2,375.18 2 1
/Users/maxim/Movies/!_Course/Go/Разработка-веб-сервисов-на-Golang/2 week SQL и NoSQL/Домашнее задание №2/hw6_db_explorer/api.go:379.2,380.16 2 1
/Users/maxim/Movies/!_Course/Go/Разработка-веб-сервисов-на-Golang/2 week SQL и NoSQL/Домашнее задание №2/hw6_db_explorer/api.go:384.2,391.19 7 1
/Users/maxim/Movies/!_Course/Go/Разработка-веб-сервисов-на-Golang/2 week SQL и NoSQL/Домашнее задание №2/hw6_db_explorer/api.go:361.11,363.3 1 1
/Users/maxim/Movies/!_Course/Go/Разработка-веб-сервисов-на-Golang/2 week SQL и NoSQL/Домашнее задание №2/hw6_db_explorer/api.go:368.16,371.3 2 0
/Users/maxim/Movies/!_Course/Go/Разработка-веб-сервисов-на-Golang/2 week SQL и NoSQL/Домашнее задание №2/hw6_db_explorer/api.go:375.18,377.3 1 0
/Users/maxim/Movies/!_Course/Go/Разработка-веб-сервисов-на-Golang/2 week SQL и NoSQL/Домашнее задание №2/hw6_db_explorer/api.go:380.16,381.13 1 0
/Users/maxim/Movies/!_Course/Go/Разработка-веб-сервисов-на-Golang/2 week SQL и NoSQL/Домашнее задание №2/hw6_db_explorer/database.go:18.31,20.2 1 0
/Users/maxim/Movies/!_Course/Go/Разработка-веб-сервисов-на-Golang/2 week SQL и NoSQL/Домашнее задание №2/hw6_db_explorer/database.go:22.64,23.11 1 1
/Users/maxim/Movies/!_Course/Go/Разработка-веб-сервисов-на-Golang/2 week SQL и NoSQL/Домашнее задание №2/hw6_db_explorer/database.go:27.2,27.18 1 1
/Users/maxim/Movies/!_Course/Go/Разработка-веб-сервисов-на-Golang/2 week SQL и NoSQL/Домашнее задание №2/hw6_db_explorer/database.go:35.2,37.12 3 1
/Users/maxim/Movies/!_Course/Go/Разработка-веб-сервисов-на-Golang/2 week SQL и NoSQL/Домашнее задание №2/hw6_db_explorer/database.go:23.11,25.3 1 1
/Users/maxim/Movies/!_Course/Go/Разработка-веб-сервисов-на-Golang/2 week SQL и NoSQL/Домашнее задание №2/hw6_db_explorer/database.go:28.13,30.20 2 1
/Users/maxim/Movies/!_Course/Go/Разработка-веб-сервисов-на-Golang/2 week SQL и NoSQL/Домашнее задание №2/hw6_db_explorer/database.go:31.25,33.23 2 1
/Users/maxim/Movies/!_Course/Go/Разработка-веб-сервисов-на-Golang/2 week SQL и NoSQL/Домашнее задание №2/hw6_db_explorer/database.go:40.40,41.11 1 1
/Users/maxim/Movies/!_Course/Go/Разработка-веб-сервисов-на-Golang/2 week SQL и NoSQL/Домашнее задание №2/hw6_db_explorer/database.go:45.2,45.20 1 1
/Users/maxim/Movies/!_Course/Go/Разработка-веб-сервисов-на-Golang/2 week SQL и NoSQL/Домашнее задание №2/hw6_db_explorer/database.go:58.2,58.12 1 1
/Users/maxim/Movies/!_Course/Go/Разработка-веб-сервисов-на-Golang/2 week SQL и NoSQL/Домашнее задание №2/hw6_db_explorer/database.go:41.11,43.3 1 1
/Users/maxim/Movies/!_Course/Go/Разработка-веб-сервисов-на-Golang/2 week SQL и NoSQL/Домашнее задание №2/hw6_db_explorer/database.go:46.13,48.21 2 1
/Users/maxim/Movies/!_Course/Go/Разработка-веб-сервисов-на-Golang/2 week SQL и NoSQL/Домашнее задание №2/hw6_db_explorer/database.go:49.25,51.15 2 1
/Users/maxim/Movies/!_Course/Go/Разработка-веб-сервисов-на-Golang/2 week SQL и NoSQL/Домашнее задание №2/hw6_db_explorer/database.go:56.3,56.24 1 1
/Users/maxim/Movies/!_Course/Go/Разработка-веб-сервисов-на-Golang/2 week SQL и NoSQL/Домашнее задание №2/hw6_db_explorer/database.go:51.15,53.4 1 1
/Users/maxim/Movies/!_Course/Go/Разработка-веб-сервисов-на-Golang/2 week SQL и NoSQL/Домашнее задание №2/hw6_db_explorer/database.go:53.9,55.4 1 1
/Users/maxim/Movies/!_Course/Go/Разработка-веб-сервисов-на-Golang/2 week SQL и NoSQL/Домашнее задание №2/hw6_db_explorer/database.go:66.30,68.2 1 0
/Users/maxim/Movies/!_Course/Go/Разработка-веб-сервисов-на-Golang/2 week SQL и NoSQL/Домашнее задание №2/hw6_db_explorer/database.go:70.45,71.11 1 1
/Users/maxim/Movies/!_Course/Go/Разработка-веб-сервисов-на-Golang/2 week SQL и NoSQL/Домашнее задание №2/hw6_db_explorer/database.go:75.2,76.31 2 1
/Users/maxim/Movies/!_Course/Go/Разработка-веб-сервисов-на-Golang/2 week SQL и NoSQL/Домашнее задание №2/hw6_db_explorer/database.go:79.2,79.15 1 1
/Users/maxim/Movies/!_Course/Go/Разработка-веб-сервисов-на-Golang/2 week SQL и NoSQL/Домашнее задание №2/hw6_db_explorer/database.go:71.11,73.3 1 1
/Users/maxim/Movies/!_Course/Go/Разработка-веб-сервисов-на-Golang/2 week SQL и NoSQL/Домашнее задание №2/hw6_db_explorer/database.go:76.31,78.3 1 1
/Users/maxim/Movies/!_Course/Go/Разработка-веб-сервисов-на-Golang/2 week SQL и NoSQL/Домашнее задание №2/hw6_db_explorer/database.go:90.33,92.10 2 0
/Users/maxim/Movies/!_Course/Go/Разработка-веб-сервисов-на-Golang/2 week SQL и NoSQL/Домашнее задание №2/hw6_db_explorer/database.go:95.2,95.59 1 0
/Users/maxim/Movies/!_Course/Go/Разработка-веб-сервисов-на-Golang/2 week SQL и NoSQL/Домашнее задание №2/hw6_db_explorer/database.go:92.10,94.3 1 0
/Users/maxim/Movies/!_Course/Go/Разработка-веб-сервисов-на-Golang/2 week SQL и NoSQL/Домашнее задание №2/hw6_db_explorer/database.go:105.32,107.2 1 0
/Users/maxim/Movies/!_Course/Go/Разработка-веб-сервисов-на-Golang/2 week SQL и NoSQL/Домашнее задание №2/hw6_db_explorer/database.go:109.39,110.30 1 1
/Users/maxim/Movies/!_Course/Go/Разработка-веб-сервисов-на-Golang/2 week SQL и NoSQL/Домашнее задание №2/hw6_db_explorer/database.go:115.2,115.11 1 0
/Users/maxim/Movies/!_Course/Go/Разработка-веб-сервисов-на-Golang/2 week SQL и NoSQL/Домашнее задание №2/hw6_db_explorer/database.go:110.30,111.11 1 1
/Users/maxim/Movies/!_Course/Go/Разработка-веб-сервисов-на-Golang/2 week SQL и NoSQL/Домашнее задание №2/hw6_db_explorer/database.go:111.11,113.4 1 1
/Users/maxim/Movies/!_Course/Go/Разработка-веб-сервисов-на-Golang/2 week SQL и NoSQL/Домашнее задание №2/hw6_db_explorer/database.go:118.63,119.11 1 1
/Users/maxim/Movies/!_Course/Go/Разработка-веб-сервисов-на-Golang/2 week SQL и NoSQL/Домашнее задание №2/hw6_db_explorer/database.go:123.2,125.16 3 1
/Users/maxim/Movies/!_Course/Go/Разработка-веб-сервисов-на-Golang/2 week SQL и NoSQL/Домашнее задание №2/hw6_db_explorer/database.go:129.2,129.18 1 1
/Users/maxim/Movies/!_Course/Go/Разработка-веб-сервисов-на-Golang/2 week SQL и NoSQL/Домашнее задание №2/hw6_db_explorer/database.go:119.11,121.3 1 1
/Users/maxim/Movies/!_Course/Go/Разработка-веб-сервисов-на-Golang/2 week SQL и NoSQL/Домашнее задание №2/hw6_db_explorer/database.go:125.16,126.13 1 0
/Users/maxim/Movies/!_Course/Go/Разработка-веб-сервисов-на-Golang/2 week SQL и NoSQL/Домашнее задание №2/hw6_db_explorer/database.go:132.49,133.11 1 1
/Users/maxim/Movies/!_Course/Go/Разработка-веб-сервисов-на-Golang/2 week SQL и NoSQL/Домашнее задание №2/hw6_db_explorer/database.go:137.2,139.16 3 1
/Users/maxim/Movies/!_Course/Go/Разработка-веб-сервисов-на-Golang/2 week SQL и NoSQL/Домашнее задание №2/hw6_db_explorer/database.go:143.2,143.20 1 1
/Users/maxim/Movies/!_Course/Go/Разработка-веб-сервисов-на-Golang/2 week SQL и NoSQL/Домашнее задание №2/hw6_db_explorer/database.go:147.2,147.21 1 1
/Users/maxim/Movies/!_Course/Go/Разработка-веб-сервисов-на-Golang/2 week SQL и NoSQL/Домашнее задание №2/hw6_db_explorer/database.go:133.11,135.3 1 1
/Users/maxim/Movies/!_Course/Go/Разработка-веб-сервисов-на-Golang/2 week SQL и NoSQL/Домашнее задание №2/hw6_db_explorer/database.go:139.16,140.13 1 0
/Users/maxim/Movies/!_Course/Go/Разработка-веб-сервисов-на-Golang/2 week SQL и NoSQL/Домашнее задание №2/hw6_db_explorer/database.go:143.20,145.3 1 1
/Users/maxim/Movies/!_Course/Go/Разработка-веб-сервисов-на-Golang/2 week SQL и NoSQL/Домашнее задание №2/hw6_db_explorer/database.go:150.69,151.11 1 1
/Users/maxim/Movies/!_Course/Go/Разработка-веб-сервисов-на-Golang/2 week SQL и NoSQL/Домашнее задание №2/hw6_db_explorer/database.go:155.2,157.35 3 1
/Users/maxim/Movies/!_Course/Go/Разработка-веб-сервисов-на-Golang/2 week SQL и NoSQL/Домашнее задание №2/hw6_db_explorer/database.go:164.2,171.16 5 1
/Users/maxim/Movies/!_Course/Go/Разработка-веб-сервисов-на-Golang/2 week SQL и NoSQL/Домашнее задание №2/hw6_db_explorer/database.go:175.2,175.26 1 1
/Users/maxim/Movies/!_Course/Go/Разработка-веб-сервисов-на-Golang/2 week SQL и NoSQL/Домашнее задание №2/hw6_db_explorer/database.go:151.11,153.3 1 1
/Users/maxim/Movies/!_Course/Go/Разработка-веб-сервисов-на-Golang/2 week SQL и NoSQL/Домашнее задание №2/hw6_db_explorer/database.go:157.35,158.17 1 1
/Users/maxim/Movies/!_Course/Go/Разработка-веб-сервисов-на-Golang/2 week SQL и NoSQL/Домашнее задание №2/hw6_db_explorer/database.go:158.17,161.4 2 1
/Users/maxim/Movies/!_Course/Go/Разработка-веб-сервисов-на-Golang/2 week SQL и NoSQL/Домашнее задание №2/hw6_db_explorer/database.go:171.16,173.3 1 0
/Users/maxim/Movies/!_Course/Go/Разработка-веб-сервисов-на-Golang/2 week SQL и NoSQL/Домашнее задание №2/hw6_db_explorer/database.go:178.80,179.11 1 1
/Users/maxim/Movies/!_Course/Go/Разработка-веб-сервисов-на-Golang/2 week SQL и NoSQL/Домашнее задание №2/hw6_db_explorer/database.go:184.2,186.35 3 1
/Users/maxim/Movies/!_Course/Go/Разработка-веб-сервисов-на-Golang/2 week SQL и NoSQL/Домашнее задание №2/hw6_db_explorer/database.go:193.2,199.16 4 1
/Users/maxim/Movies/!_Course/Go/Разработка-веб-сервисов-на-Golang/2 week SQL и NoSQL/Домашнее задание №2/hw6_db_explorer/database.go:203.2,203.28 1 1
/Users/maxim/Movies/!_Course/Go/Разработка-веб-сервисов-на-Golang/2 week SQL и NoSQL/Домашнее задание №2/hw6_db_explorer/database.go:179.11,181.3 1 1
/Users/maxim/Movies/!_Course/Go/Разработка-веб-сервисов-на-Golang/2 week SQL и NoSQL/Домашнее задание №2/hw6_db_explorer/database.go:186.35,188.23 2 1
/Users/maxim/Movies/!_Course/Go/Разработка-веб-сервисов-на-Golang/2 week SQL и NoSQL/Домашнее задание №2/hw6_db_explorer/database.go:188.23,191.4 2 1
/Users/maxim/Movies/!_Course/Go/Разработка-веб-сервисов-на-Golang/2 week SQL и NoSQL/Домашнее задание №2/hw6_db_explorer/database.go:199.16,201.3 1 0
/Users/maxim/Movies/!_Course/Go/Разработка-веб-сервисов-на-Golang/2 week SQL и NoSQL/Домашнее задание №2/hw6_db_explorer/database.go:206.53,207.11 1 1
/Users/maxim/Movies/!_Course/Go/Разработка-веб-сервисов-на-Golang/2 week SQL и NoSQL/Домашнее задание №2/hw6_db_explorer/database.go:211.2,214.16 3 1
/Users/maxim/Movies/!_Course/Go/Разработка-веб-сервисов-на-Golang/2 week SQL и NoSQL/Домашнее задание №2/hw6_db_explorer/database.go:218.2,218.28 1 1
/Users/maxim/Movies/!_Course/Go/Разработка-веб-сервисов-на-Golang/2 week SQL и NoSQL/Домашнее задание №2/hw6_db_explorer/database.go:207.11,209.3 1 1
/Users/maxim/Movies/!_Course/Go/Разработка-веб-сервисов-на-Golang/2 week SQL и NoSQL/Домашнее задание №2/hw6_db_explorer/database.go:214.16,216.3 1 0
/Users/maxim/Movies/!_Course/Go/Разработка-веб-сервисов-на-Golang/2 week SQL и NoSQL/Домашнее задание №2/hw6_db_explorer/database.go:227.36,229.2 1 0
/Users/maxim/Movies/!_Course/Go/Разработка-веб-сервисов-на-Golang/2 week SQL и NoSQL/Домашнее задание №2/hw6_db_explorer/database.go:231.54,232.11 1 1
/Users/maxim/Movies/!_Course/Go/Разработка-веб-сервисов-на-Golang/2 week SQL и NoSQL/Домашнее задание №2/hw6_db_explorer/database.go:236.2,239.16 3 1
/Users/maxim/Movies/!_Course/Go/Разработка-веб-сервисов-на-Golang/2 week SQL и NoSQL/Домашнее задание №2/hw6_db_explorer/database.go:243.2,243.21 1 1
/Users/maxim/Movies/!_Course/Go/Разработка-веб-сервисов-на-Golang/2 week SQL и NoSQL/Домашнее задание №2/hw6_db_explorer/database.go:288.2,292.12 3 1
/Users/maxim/Movies/!_Course/Go/Разработка-веб-сервисов-на-Golang/2 week SQL и NoSQL/Домашнее задание №2/hw6_db_explorer/database.go:232.11,234.3 1 1
/Users/maxim/Movies/!_Course/Go/Разработка-веб-сервисов-на-Golang/2 week SQL и NoSQL/Домашнее задание №2/hw6_db_explorer/database.go:239.16,241.3 1 0
/Users/maxim/Movies/!_Course/Go/Разработка-веб-сервисов-на-Golang/2 week SQL и NoSQL/Домашнее задание №2/hw6_db_explorer/database.go:243.21,249.17 3 1
/Users/maxim/Movies/!_Course/Go/Разработка-веб-сервисов-на-Golang/2 week SQL и NoSQL/Домашнее задание №2/hw6_db_explorer/database.go:254.3,257.17 3 1
/Users/maxim/Movies/!_Course/Go/Разработка-веб-сервисов-на-Golang/2 week SQL и NoSQL/Домашнее задание №2/hw6_db_explorer/database.go:261.3,261.23 1 1
/Users/maxim/Movies/!_Course/Go/Разработка-веб-сервисов-на-Golang/2 week SQL и NoSQL/Домашнее задание №2/hw6_db_explorer/database.go:281.3,286.33 3 1
/Users/maxim/Movies/!_Course/Go/Разработка-веб-сервисов-на-Golang/2 week SQL и NoSQL/Домашнее задание №2/hw6_db_explorer/database.go:249.17,251.4 1 0
/Users/maxim/Movies/!_Course/Go/Разработка-веб-сервисов-на-Golang/2 week SQL и NoSQL/Домашнее задание №2/hw6_db_explorer/database.go:257.17,259.4 1 0
/Users/maxim/Movies/!_Course/Go/Разработка-веб-сервисов-на-Golang/2 week SQL и NoSQL/Домашнее задание №2/hw6_db_explorer/database.go:261.23,267.18 6 1
/Users/maxim/Movies/!_Course/Go/Разработка-веб-сервисов-на-Golang/2 week SQL и NoSQL/Домашнее задание №2/hw6_db_explorer/database.go:271.4,271.19 1 1
/Users/maxim/Movies/!_Course/Go/Разработка-веб-сервисов-на-Golang/2 week SQL и NoSQL/Домашнее задание №2/hw6_db_explorer/database.go:275.4,275.21 1 1
/Users/maxim/Movies/!_Course/Go/Разработка-веб-сервисов-на-Golang/2 week SQL и NoSQL/Домашнее задание №2/hw6_db_explorer/database.go:279.4,279.37 1 1
/Users/maxim/Movies/!_Course/Go/Разработка-веб-сервисов-на-Golang/2 week SQL и NoSQL/Домашнее задание №2/hw6_db_explorer/database.go:267.18,269.5 1 0
/Users/maxim/Movies/!_Course/Go/Разработка-веб-сервисов-на-Golang/2 week SQL и NoSQL/Домашнее задание №2/hw6_db_explorer/database.go:271.19,273.5 1 1
/Users/maxim/Movies/!_Course/Go/Разработка-веб-сервисов-на-Golang/2 week SQL и NoSQL/Домашнее задание №2/hw6_db_explorer/database.go:275.21,277.5 1 1
/Users/maxim/Movies/!_Course/Go/Разработка-веб-сервисов-на-Golang/2 week SQL и NoSQL/Домашнее задание №2/hw6_db_explorer/database.go:295.60,296.11 1 1
/Users/maxim/Movies/!_Course/Go/Разработка-веб-сервисов-на-Golang/2 week SQL и NoSQL/Домашнее задание №2/hw6_db_explorer/database.go:300.2,301.30 2 1
/Users/maxim/Movies/!_Course/Go/Разработка-веб-сервисов-на-Golang/2 week SQL и NoSQL/Домашнее задание №2/hw6_db_explorer/database.go:307.2,307.22 1 1
/Users/maxim/Movies/!_Course/Go/Разработка-веб-сервисов-на-Golang/2 week SQL и NoSQL/Домашнее задание №2/hw6_db_explorer/database.go:311.2,311.19 1 1
/Users/maxim/Movies/!_Course/Go/Разработка-веб-сервисов-на-Golang/2 week SQL и NoSQL/Домашнее задание №2/hw6_db_explorer/database.go:296.11,298.3 1 1
/Users/maxim/Movies/!_Course/Go/Разработка-веб-сервисов-на-Golang/2 week SQL и NoSQL/Домашнее задание №2/hw6_db_explorer/database.go:301.30,302.22 1 1
/Users/maxim/Movies/!_Course/Go/Разработка-веб-сервисов-на-Golang/2 week SQL и NoSQL/Домашнее задание №2/hw6_db_explorer/database.go:302.22,304.4 1 1
/Users/maxim/Movies/!_Course/Go/Разработка-веб-сервисов-на-Golang/2 week SQL и NoSQL/Домашнее задание №2/hw6_db_explorer/database.go:307.22,309.3 1 1
/Users/maxim/Movies/!_Course/Go/Разработка-веб-сервисов-на-Golang/2 week SQL и NoSQL/Домашнее задание №2/hw6_db_explorer/database.go:315.54,316.11 1 1
/Users/maxim/Movies/!_Course/Go/Разработка-веб-сервисов-на-Golang/2 week SQL и NoSQL/Домашнее задание №2/hw6_db_explorer/database.go:320.2,321.30 2 1
/Users/maxim/Movies/!_Course/Go/Разработка-веб-сервисов-на-Golang/2 week SQL и NoSQL/Домашнее задание №2/hw6_db_explorer/database.go:325.2,325.20 1 1
/Users/maxim/Movies/!_Course/Go/Разработка-веб-сервисов-на-Golang/2 week SQL и NoSQL/Домашнее задание №2/hw6_db_explorer/database.go:316.11,318.3 1 1
/Users/maxim/Movies/!_Course/Go/Разработка-веб-сервисов-на-Golang/2 week SQL и NoSQL/Домашнее задание №2/hw6_db_explorer/database.go:321.30,323.3 1 1
/Users/maxim/Movies/!_Course/Go/Разработка-веб-сервисов-на-Golang/2 week SQL и NoSQL/Домашнее задание №2/hw6_db_explorer/database.go:328.86,329.11 1 1
/Users/maxim/Movies/!_Course/Go/Разработка-веб-сервисов-на-Golang/2 week SQL и NoSQL/Домашнее задание №2/hw6_db_explorer/database.go:333.2,333.39 1 1
/Users/maxim/Movies/!_Course/Go/Разработка-веб-сервисов-на-Golang/2 week SQL и NoSQL/Домашнее задание №2/hw6_db_explorer/database.go:329.11,331.3 1 1
/Users/maxim/Movies/!_Course/Go/Разработка-веб-сервисов-на-Golang/2 week SQL и NoSQL/Домашнее задание №2/hw6_db_explorer/database.go:336.64,337.11 1 1
/Users/maxim/Movies/!_Course/Go/Разработка-веб-сервисов-на-Golang/2 week SQL и NoSQL/Домашнее задание №2/hw6_db_explorer/database.go:342.2,343.16 2 1
/Users/maxim/Movies/!_Course/Go/Разработка-веб-сервисов-на-Golang/2 week SQL и NoSQL/Домашнее задание №2/hw6_db_explorer/database.go:348.2,349.19 2 1
/Users/maxim/Movies/!_Course/Go/Разработка-веб-сервисов-на-Golang/2 week SQL и NoSQL/Домашнее задание №2/hw6_db_explorer/database.go:379.2,381.18 2 1
/Users/maxim/Movies/!_Course/Go/Разработка-веб-сервисов-на-Golang/2 week SQL и NoSQL/Домашнее задание №2/hw6_db_explorer/database.go:337.11,339.3 1 1
/Users/maxim/Movies/!_Course/Go/Разработка-веб-сервисов-на-Golang/2 week SQL и NoSQL/Домашнее задание №2/hw6_db_explorer/database.go:343.16,345.3 1 0
/Users/maxim/Movies/!_Course/Go/Разработка-веб-сервисов-на-Golang/2 week SQL и NoSQL/Домашнее задание №2/hw6_db_explorer/database.go:349.19,358.42 3 1
/Users/maxim/Movies/!_Course/Go/Разработка-веб-сервисов-на-Golang/2 week SQL и NoSQL/Домашнее задание №2/hw6_db_explorer/database.go:365.3,366.17 2 1
/Users/maxim/Movies/!_Course/Go/Разработка-веб-сервисов-на-Golang/2 week SQL и NoSQL/Домашнее задание №2/hw6_db_explorer/database.go:371.3,371.32 1 1
/Users/maxim/Movies/!_Course/Go/Разработка-веб-сервисов-на-Golang/2 week SQL и NoSQL/Домашнее задание №2/hw6_db_explorer/database.go:376.3,376.28 1 1
/Users/maxim/Movies/!_Course/Go/Разработка-веб-сервисов-на-Golang/2 week SQL и NoSQL/Домашнее задание №2/hw6_db_explorer/database.go:358.42,362.4 3 1
/Users/maxim/Movies/!_Course/Go/Разработка-веб-сервисов-на-Golang/2 week SQL и NoSQL/Домашнее задание №2/hw6_db_explorer/database.go:366.17,367.14 1 0
/Users/maxim/Movies/!_Course/Go/Разработка-веб-сервисов-на-Golang/2 week SQL и NoSQL/Домашнее задание №2/hw6_db_explorer/database.go:371.32,373.4 1 1
